#
# A fatal error has been detected by the Java Runtime Environment:
#
#  EXCEPTION_ACCESS_VIOLATION (0xc0000005) at pc=0x00007ffb5f492f58, pid=17844, tid=14992
#
# JRE version: OpenJDK Runtime Environment (22.0.1+8) (build 22.0.1+8-16)
# Java VM: OpenJDK 64-Bit Server VM (22.0.1+8-16, mixed mode, sharing, tiered, compressed oops, compressed class ptrs, g1 gc, windows-amd64)
# Problematic frame:
# C  [msvcp140.dll+0x12f58]
#
# No core dump will be written. Minidumps are not enabled by default on client versions of Windows
#
# If you would like to submit a bug report, please visit:
#   https://bugreport.java.com/bugreport/crash.jsp
# The crash happened outside the Java Virtual Machine in native code.
# See problematic frame for where to report the bug.
#

---------------  S U M M A R Y ------------

Command Line: -javaagent:C:\Program Files\JetBrains\IntelliJ IDEA 2022.3.2\lib\idea_rt.jar=61176:C:\Program Files\JetBrains\IntelliJ IDEA 2022.3.2\bin -Dfile.encoding=UTF-8 -Dsun.stdout.encoding=UTF-8 -Dsun.stderr.encoding=UTF-8 org.example.Main

Host: AMD Ryzen 5 2600 Six-Core Processor            , 12 cores, 15G,  Windows 10 , 64 bit Build 19041 (10.0.19041.3636)
Time: Tue Jun  4 12:52:52 2024 Hora de verano romance elapsed time: 0.770331 seconds (0d 0h 0m 0s)

---------------  T H R E A D  ---------------

Current thread (0x000001f23af2dfa0):  JavaThread "main"             [_thread_in_native, id=14992, stack(0x000000bf86800000,0x000000bf86900000) (1024K)]

Stack: [0x000000bf86800000,0x000000bf86900000],  sp=0x000000bf868feef0,  free space=1019k
Native frames: (J=compiled Java code, j=interpreted, Vv=VM code, C=native code)
C  [msvcp140.dll+0x12f58]  (no source info available)
C  [jniortools.dll+0x938356]  (no source info available)
C  [jniortools.dll+0x9358bf]  (no source info available)
C  [jniortools.dll+0x8ffcde]  (no source info available)
C  [jniortools.dll+0x7e7a44]  (no source info available)
C  [jniortools.dll+0x235905]  (no source info available)
C  [jniortools.dll+0xcc135]  (no source info available)
C  0x000001f24bf8cfc7  (no source info available)

The last pc belongs to native method entry point (kind = native) (printed below).
Java frames: (J=compiled Java code, j=interpreted, Vv=VM code)
j  com.google.ortools.sat.mainJNI.SolveWrapper_solve(JLcom/google/ortools/sat/SolveWrapper;[B)[B+0
j  com.google.ortools.sat.SolveWrapper.solve(Lcom/google/ortools/sat/CpModelProto;)Lcom/google/ortools/sat/CpSolverResponse;+9
j  com.google.ortools.sat.CpSolver.solve(Lcom/google/ortools/sat/CpModel;Lcom/google/ortools/sat/CpSolverSolutionCallback;)Lcom/google/ortools/sat/CpSolverStatus;+75
j  com.google.ortools.sat.CpSolver.solve(Lcom/google/ortools/sat/CpModel;)Lcom/google/ortools/sat/CpSolverStatus;+3
j  org.example.Main.main([Ljava/lang/String;)V+115
v  ~StubRoutines::call_stub 0x000001f24bf8100d

siginfo: EXCEPTION_ACCESS_VIOLATION (0xc0000005), reading address 0x0000000000000000


Registers:
RAX=0x0000000000000000, RBX=0x000001f2a2255c70, RCX=0x000001f2a2255c78, RDX=0x0000000000000000
RSP=0x000000bf868feef0, RBP=0x000000bf868ff039, RSI=0x000001f2a2255c70, RDI=0x000000bf868ff000
R8 =0x00007ffb3941e3d0, R9 =0x0000000000000108, R10=0x0000000000000040, R11=0xdfffffffdffeffff
R12=0x000000bf868ff0d0, R13=0x0000000000000000, R14=0x0000000000000000, R15=0x000001f2a2255cb8
RIP=0x00007ffb5f492f58, EFLAGS=0x0000000000010286


Register to memory mapping:

RAX=0x0 is null
RBX=0x000001f2a2255c70 points into unknown readable memory: 0x00007ffb00000002 | 02 00 00 00 fb 7f 00 00
RCX=0x000001f2a2255c78 points into unknown readable memory: 0x0000000000000000 | 00 00 00 00 00 00 00 00
RDX=0x0 is null
RSP=0x000000bf868feef0 is pointing into the stack for thread: 0x000001f23af2dfa0
RBP=0x000000bf868ff039 is pointing into the stack for thread: 0x000001f23af2dfa0
RSI=0x000001f2a2255c70 points into unknown readable memory: 0x00007ffb00000002 | 02 00 00 00 fb 7f 00 00
RDI=0x000000bf868ff000 is pointing into the stack for thread: 0x000001f23af2dfa0
R8 =0x00007ffb3941e3d0 jniortools.dll
R9 =0x0000000000000108 is an unknown value
R10=0x0000000000000040 is an unknown value
R11=0xdfffffffdffeffff is an unknown value
R12=0x000000bf868ff0d0 is pointing into the stack for thread: 0x000001f23af2dfa0
R13=0x0 is null
R14=0x0 is null
R15=0x000001f2a2255cb8 points into unknown readable memory: 0x00000000ffffffff | ff ff ff ff 00 00 00 00

Top of Stack: (sp=0x000000bf868feef0)
0x000000bf868feef0:   0000000000000000 00007ffbcc9e4a40
0x000000bf868fef00:   0000000000000000 00007ffbcabd9e0a
0x000000bf868fef10:   000000bf868ff000 00007ffb38588656
0x000000bf868fef20:   0000902b70f7a15c 0000000000000000
0x000000bf868fef30:   000001f2a222cfe0 000000bf868ff020
0x000000bf868fef40:   000000bf868ff000 00007ffb38588356
0x000000bf868fef50:   000000bf868ff000 0000000000000000
0x000000bf868fef60:   000001f2a2255c70 0000000000000000
0x000000bf868fef70:   0000000000000000 000000bf868ff039
0x000000bf868fef80:   000000bf868ff000 00007ffbcabda079
0x000000bf868fef90:   000000000000000d 000000000000000f
0x000000bf868fefa0:   000000bf868ff0d0 00007ffbcca83a50
0x000000bf868fefb0:   000000bf868ff000 0000000000000000
0x000000bf868fefc0:   000000bf868ff039 00007ffb385858bf
0x000000bf868fefd0:   000000bf868ff000 000000bf00000000
0x000000bf868fefe0:   0000000000000000 0000000000000000
0x000000bf868feff0:   0000000000000000 0000000000000000
0x000000bf868ff000:   4d2f65706f727545 0000006469726461
0x000000bf868ff010:   000000000000000d 000000000000000f
0x000000bf868ff020:   4d2f65706f727545 0000006469726461
0x000000bf868ff030:   000000000000000d 000000000000000f
0x000000bf868ff040:   4d2f65706f727500 0000006469726461
0x000000bf868ff050:   0000000000000000 000000000000000f
0x000000bf868ff060:   0000b3f075551d24 000001f23ac20000
0x000000bf868ff070:   000001f23af2dfa0 000000bf868ff2c0
0x000000bf868ff080:   000001f29e5e1d40 0000000000000000
0x000000bf868ff090:   000001f2a220ed90 00007ffb3854fcde
0x000000bf868ff0a0:   000000bf868ff120 00007ffb394150a8
0x000000bf868ff0b0:   000000bf868ff360 000000000000089d
0x000000bf868ff0c0:   00007ffb394150a8 00007ffb38437a44
0x000000bf868ff0d0:   0000000000000000 346e5f7374666968
0x000000bf868ff0e0:   000001f23af2dfa0 000001f23af2e360 

Instructions: (pc=0x00007ffb5f492f58)
0x00007ffb5f492e58:   cc cc cc cc cc cc cc cc 40 53 48 83 ec 30 48 8d
0x00007ffb5f492e68:   41 08 4d 8b c8 4c 8b c2 48 89 44 24 28 83 64 24
0x00007ffb5f492e78:   20 00 48 8b d9 33 d2 33 c9 ff 15 31 36 04 00 48
0x00007ffb5f492e88:   89 03 48 f7 d8 1b c0 f7 d0 83 e0 04 48 83 c4 30
0x00007ffb5f492e98:   5b c3 cc cc cc cc cc cc 48 ff 25 59 33 04 00 cc
0x00007ffb5f492ea8:   cc cc cc cc cc cc cc cc 48 83 c1 08 48 ff 25 95
0x00007ffb5f492eb8:   31 04 00 cc 48 89 5c 24 18 48 89 74 24 20 57 41
0x00007ffb5f492ec8:   56 41 57 48 83 ec 40 48 8b 05 82 14 07 00 48 33
0x00007ffb5f492ed8:   c4 48 89 44 24 30 8b 01 4c 8b f2 0f ba f0 08 48
0x00007ffb5f492ee8:   8b f1 83 f8 01 75 4a ff 15 03 33 04 00 39 46 48
0x00007ffb5f492ef8:   74 19 48 8d 4e 08 48 8b 01 48 8b 00 ff 15 a6 37
0x00007ffb5f492f08:   04 00 ff 15 e8 32 04 00 89 46 48 ff 46 4c 33 c0
0x00007ffb5f492f18:   48 8b 4c 24 30 48 33 cc e8 3b fd 03 00 48 8b 5c
0x00007ffb5f492f28:   24 70 48 8b 74 24 78 48 83 c4 40 41 5f 41 5e 5f
0x00007ffb5f492f38:   c3 4d 85 f6 75 28 4c 8d 79 48 ff 15 b0 32 04 00
0x00007ffb5f492f48:   41 39 07 0f 84 ad 00 00 00 48 8d 4e 08 48 8b 01
0x00007ffb5f492f58:   48 8b 00 ff 15 4f 37 04 00 e9 98 00 00 00 48 83
0x00007ffb5f492f68:   3a 00 7c 6e 75 06 83 7a 08 00 7e 66 ba 01 00 00
0x00007ffb5f492f78:   00 48 8d 4c 24 20 e8 ed 08 00 00 48 8b 44 24 20
0x00007ffb5f492f88:   49 3b 06 7c 14 0f 85 b3 00 00 00 41 8b 46 08 39
0x00007ffb5f492f98:   44 24 28 0f 8d a5 00 00 00 4c 8d 7e 48 ff 15 4d
0x00007ffb5f492fa8:   32 04 00 41 39 07 74 4e 48 8b 46 08 48 8d 54 24
0x00007ffb5f492fb8:   20 49 8b ce 48 8b 58 10 e8 ab 07 00 00 8b d0 48
0x00007ffb5f492fc8:   8d 4e 08 48 8b c3 ff 15 dc 36 04 00 84 c0 74 9c
0x00007ffb5f492fd8:   eb 24 4c 8d 79 48 ff 15 14 32 04 00 41 39 07 74
0x00007ffb5f492fe8:   15 48 8d 4e 08 48 8b 01 48 8b 40 08 ff 15 b6 36
0x00007ffb5f492ff8:   04 00 84 c0 74 48 8b 4e 4c 33 db bf 02 01 00 00
0x00007ffb5f493008:   8d 41 01 89 46 4c 83 f8 01 7e 0f f7 06 00 01 00
0x00007ffb5f493018:   00 75 10 89 4e 4c 8b df eb 09 ff 15 d0 31 04 00
0x00007ffb5f493028:   41 89 07 85 db 0f 84 e3 fe ff ff 3b df 74 0a b8
0x00007ffb5f493038:   04 00 00 00 e9 d7 fe ff ff 4d 85 f6 74 20 49 83
0x00007ffb5f493048:   3e 00 75 10 41 8b 46 08 f7 d8 1b c0 83 c0 03 e9 


Stack slot to memory mapping:

stack at sp + 0 slots: 0x0 is null
stack at sp + 1 slots: 0x00007ffbcc9e4a40 combase.dll
stack at sp + 2 slots: 0x0 is null
stack at sp + 3 slots: 0x00007ffbcabd9e0a ucrtbase.dll
stack at sp + 4 slots: 0x000000bf868ff000 is pointing into the stack for thread: 0x000001f23af2dfa0
stack at sp + 5 slots: 0x00007ffb38588656 jniortools.dll
stack at sp + 6 slots: 0x0000902b70f7a15c is an unknown value
stack at sp + 7 slots: 0x0 is null

native method entry point (kind = native)  [0x000001f24bf8cba0, 0x000001f24bf8d6c0]  2848 bytes
[MachCode]
  0x000001f24bf8cba0: 488b 4b08 | 0fb7 492e | 584c 8d74 | ccf8 6800 | 0000 0068 | 0000 0000 | 5055 488b | ec41 5568 
  0x000001f24bf8cbc0: 0000 0000 | 4c8b 6b08 | 4d8d 6d38 | 5348 8b53 | 0848 8b52 | 0848 8b52 | 1848 8b52 | 7048 8b12 
  0x000001f24bf8cbe0: 5248 8b53 | 1048 85d2 | 0f84 0700 | 0000 4881 | c210 0100 | 0052 488b | 5308 488b | 5208 488b 
  0x000001f24bf8cc00: 5210 5249 | 8bc6 482b | c548 c1e8 | 0350 6800 | 0000 0068 | f7ff ffff | 41c6 8781 | 0400 0001 
  0x000001f24bf8cc20: 488b 4310 | 4885 c074 | 208b 88cc | 0000 0083 | c102 8988 | cc00 0000 | 2388 e000 | 0000 0f84 
  0x000001f24bf8cc40: cb09 0000 | e9cf 0000 | 0048 8b43 | 1848 85c0 | 0f85 b000 | 0000 e805 | 0000 00e9 | 9900 0000 
  0x000001f24bf8cc60: 488b d348 | 8d44 2408 | 4c89 6dc0 | 498b cfc5 | f877 4989 | afb0 0300 | 0049 8987 | a003 0000 
  0x000001f24bf8cc80: 4883 ec20 | 40f6 c40f | 0f84 1900 | 0000 4883 | ec08 48b8 | a0a3 073a | fb7f 0000 | ffd0 4883 
  0x000001f24bf8cca0: c408 e90c | 0000 0048 | b8a0 a307 | 3afb 7f00 | 00ff d048 | 83c4 2049 | c787 a003 | 0000 0000 
  0x000001f24bf8ccc0: 0000 49c7 | 87b0 0300 | 0000 0000 | 0049 c787 | a803 0000 | 0000 0000 | c5f8 7749 | 837f 0800 
  0x000001f24bf8cce0: 0f84 0500 | 0000 e915 | 42ff ff4c | 8b6d c04c | 8b75 c84e | 8d74 f500 | c348 8b43 | 1848 85c0 
  0x000001f24bf8cd00: 0f84 1200 | 0000 8b48 | 0883 c102 | 8948 0823 | 481c 0f84 | f708 0000 | 493b a7f0 | 0400 000f 
  0x000001f24bf8cd20: 8748 0000 | 0089 8424 | 00f0 ffff | 8984 2400 | e0ff ff89 | 8424 00d0 | ffff 8984 | 2400 c0ff 
  0x000001f24bf8cd40: ff89 8424 | 00b0 ffff | 8984 2400 | a0ff ff89 | 8424 0090 | ffff 8984 | 2400 80ff | ff49 3ba7 
  0x000001f24bf8cd60: e804 0000 | 7607 4989 | a7f0 0400 | 0041 c687 | 8104 0000 | 0049 ba9c | 308e 3afb | 7f00 0041 
  0x000001f24bf8cd80: 803a 000f | 843e 0000 | 0048 8b55 | e849 8bcf | 4883 ec20 | 40f6 c40f | 0f84 1900 | 0000 4883 
  0x000001f24bf8cda0: ec08 48b8 | 40b5 3e3a | fb7f 0000 | ffd0 4883 | c408 e90c | 0000 0048 | b840 b53e | 3afb 7f00 
  0x000001f24bf8cdc0: 00ff d048 | 83c4 2048 | 8b5d e84c | 8b5b 0845 | 0fb7 5b2e | 41c1 e303 | 492b e348 | 83ec 2048 
  0x000001f24bf8cde0: 83e4 f04c | 8b5b 604d | 85db 0f85 | ab00 0000 | e805 0000 | 00e9 9900 | 0000 488b | d348 8d44 
  0x000001f24bf8ce00: 2408 4c89 | 6dc0 498b | cfc5 f877 | 4989 afb0 | 0300 0049 | 8987 a003 | 0000 4883 | ec20 40f6 
  0x000001f24bf8ce20: c40f 0f84 | 1900 0000 | 4883 ec08 | 48b8 c0ca | 073a fb7f | 0000 ffd0 | 4883 c408 | e90c 0000 
  0x000001f24bf8ce40: 0048 b8c0 | ca07 3afb | 7f00 00ff | d048 83c4 | 2049 c787 | a003 0000 | 0000 0000 | 49c7 87b0 
  0x000001f24bf8ce60: 0300 0000 | 0000 0049 | c787 a803 | 0000 0000 | 0000 c5f8 | 7749 837f | 0800 0f84 | 0500 0000 
  0x000001f24bf8ce80: e97b 40ff | ff4c 8b6d | c04c 8b75 | c84e 8d74 | f500 c348 | 8b5d e84c | 8b5b 6041 | ffd3 488b 
  0x000001f24bf8cea0: 5de8 4889 | 4518 448b | 5b28 41f6 | c308 0f84 | 1b00 0000 | 4c8b 5b08 | 4d8b 5b08 | 4d8b 5b18 
  0x000001f24bf8cec0: 4d8b 5b70 | 4d8b 1b4c | 895d 1048 | 8d55 1048 | 8b43 5849 | ba40 0c3f | 3afb 7f00 | 0049 3bc2 
  0x000001f24bf8cee0: 0f85 ab00 | 0000 e805 | 0000 00e9 | 9900 0000 | 488b d348 | 8d44 2408 | 4c89 6dc0 | 498b cfc5 
  0x000001f24bf8cf00: f877 4989 | afb0 0300 | 0049 8987 | a003 0000 | 4883 ec20 | 40f6 c40f | 0f84 1900 | 0000 4883 
  0x000001f24bf8cf20: ec08 48b8 | c0ca 073a | fb7f 0000 | ffd0 4883 | c408 e90c | 0000 0048 | b8c0 ca07 | 3afb 7f00 
  0x000001f24bf8cf40: 00ff d048 | 83c4 2049 | c787 a003 | 0000 0000 | 0000 49c7 | 87b0 0300 | 0000 0000 | 0049 c787 
  0x000001f24bf8cf60: a803 0000 | 0000 0000 | c5f8 7749 | 837f 0800 | 0f84 0500 | 0000 e985 | 3fff ff4c | 8b6d c04c 
  0x000001f24bf8cf80: 8b75 c84e | 8d74 f500 | c348 8b5d | e848 8b43 | 5849 8d8f | c003 0000 | c5f8 7749 | 89af b003 
  0x000001f24bf8cfa0: 0000 49ba | 98cf f84b | f201 0000 | 4d89 97a8 | 0300 0049 | 89a7 a003 | 0000 41c7 | 8754 0400 
  0x000001f24bf8cfc0: 0004 0000 | 00ff d0c5 | f877 4883 | ec10 c5fb | 1104 2448 | 83ec 1048 | 8904 2448 | c744 2408 
  0x000001f24bf8cfe0: 0000 0000 | 41c7 8754 | 0400 0005 | 0000 00f0 | 8344 24c0 | 0049 3baf | 5804 0000 | 0f87 0e00 
  0x000001f24bf8d000: 0000 4183 | bf50 0400 | 0000 0f84 | 2000 0000 | 498b cf4c | 8be4 4883 | ec20 4883 | e4f0 48b8 
  0x000001f24bf8d020: d01e 093a | fb7f 0000 | ffd0 498b | e44d 33e4 | 41c7 8754 | 0400 0008 | 0000 0049 | c787 a003 
  0x000001f24bf8d040: 0000 0000 | 0000 49c7 | 87b0 0300 | 0000 0000 | 0049 c787 | a803 0000 | 0000 0000 | c5f8 774d 
  0x000001f24bf8d060: 8b9f 3004 | 0000 41c7 | 8300 0100 | 0000 0000 | 0049 bb1a | a5f8 4bf2 | 0100 004c | 3b5d 180f 
  0x000001f24bf8d080: 8524 0200 | 0048 8b04 | 2448 83c4 | 1048 85c0 | 0f84 fe01 | 0000 a803 | 0f85 0800 | 0000 488b 
  0x000001f24bf8d0a0: 00e9 ee01 | 0000 a801 | 0f85 0900 | 0000 488b | 40fe e9dd | 0100 0048 | 8b40 ff41 | 807f 3800 
  0x000001f24bf8d0c0: 0f84 ce01 | 0000 4883 | f800 0f84 | c401 0000 | 4d8b 5f28 | 4983 fb00 | 0f84 1400 | 0000 4983 
  0x000001f24bf8d0e0: eb08 4d89 | 5f28 4d03 | 5f30 4989 | 03e9 a201 | 0000 4881 | ecd0 0000 | 0048 8904 | 2448 894c 
  0x000001f24bf8d100: 2408 4889 | 5424 1048 | 8974 2418 | 4889 7c24 | 204c 8944 | 2428 4c89 | 4c24 304c | 8954 2438 
  0x000001f24bf8d120: 4c89 5c24 | 40c5 fb11 | 4424 50c5 | fb11 4c24 | 58c5 fb11 | 5424 60c5 | fb11 5c24 | 68c5 fb11 
  0x000001f24bf8d140: 6424 70c5 | fb11 6c24 | 78c5 fb11 | b424 8000 | 0000 c5fb | 11bc 2488 | 0000 00c5 | 7b11 8424 
  0x000001f24bf8d160: 9000 0000 | c57b 118c | 2498 0000 | 00c5 7b11 | 9424 a000 | 0000 c57b | 119c 24a8 | 0000 00c5 
  0x000001f24bf8d180: 7b11 a424 | b000 0000 | c57b 11ac | 24b8 0000 | 00c5 7b11 | b424 c000 | 0000 c57b | 11bc 24c8 
  0x000001f24bf8d1a0: 0000 0049 | 8bd7 488b | c848 83ec | 2040 f6c4 | 0f0f 8419 | 0000 0048 | 83ec 0848 | b8e0 3efc 
  0x000001f24bf8d1c0: 39fb 7f00 | 00ff d048 | 83c4 08e9 | 0c00 0000 | 48b8 e03e | fc39 fb7f | 0000 ffd0 | 4883 c420 
  0x000001f24bf8d1e0: c57b 10bc | 24c8 0000 | 00c5 7b10 | b424 c000 | 0000 c57b | 10ac 24b8 | 0000 00c5 | 7b10 a424 
  0x000001f24bf8d200: b000 0000 | c57b 109c | 24a8 0000 | 00c5 7b10 | 9424 a000 | 0000 c57b | 108c 2498 | 0000 00c5 
  0x000001f24bf8d220: 7b10 8424 | 9000 0000 | c5fb 10bc | 2488 0000 | 00c5 fb10 | b424 8000 | 0000 c5fb | 106c 2478 
  0x000001f24bf8d240: c5fb 1064 | 2470 c5fb | 105c 2468 | c5fb 1054 | 2460 c5fb | 104c 2458 | c5fb 1044 | 2450 4c8b 
  0x000001f24bf8d260: 5c24 404c | 8b54 2438 | 4c8b 4c24 | 304c 8b44 | 2428 488b | 7c24 2048 | 8b74 2418 | 488b 5424 
  0x000001f24bf8d280: 1048 8b4c | 2408 488b | 0424 4881 | c4d0 0000 | 00c5 f877 | 4889 4510 | 4883 ec10 | 4889 0424 
  0x000001f24bf8d2a0: 48c7 4424 | 0800 0000 | 0041 83bf | d004 0000 | 020f 85bf | 0000 0048 | 81ec 8000 | 0000 4889 
  0x000001f24bf8d2c0: 4424 7848 | 894c 2470 | 4889 5424 | 6848 895c | 2460 4889 | 6c24 5048 | 8974 2448 | 4889 7c24 
  0x000001f24bf8d2e0: 404c 8944 | 2438 4c89 | 4c24 304c | 8954 2428 | 4c89 5c24 | 204c 8964 | 2418 4c89 | 6c24 104c 
  0x000001f24bf8d300: 8974 2408 | 4c89 3c24 | 4c8b e448 | 83ec 2048 | 83e4 f048 | b890 ed3e | 3afb 7f00 | 00ff d049 
  0x000001f24bf8d320: 8be4 4c8b | 3c24 4c8b | 7424 084c | 8b6c 2410 | 4c8b 6424 | 184c 8b5c | 2420 4c8b | 5424 284c 
  0x000001f24bf8d340: 8b4c 2430 | 4c8b 4424 | 3848 8b7c | 2440 488b | 7424 4848 | 8b6c 2450 | 488b 5c24 | 6048 8b54 
  0x000001f24bf8d360: 2468 488b | 4c24 7048 | 8b44 2478 | 4881 c480 | 0000 004d | 33e4 488b | 5de8 4c8b | 6b08 4d8d 
  0x000001f24bf8d380: 6d38 4983 | 7f08 000f | 84bb 0000 | 00e8 0500 | 0000 e996 | 0000 0048 | 8d44 2408 | 4c89 6dc0 
  0x000001f24bf8d3a0: 498b cfc5 | f877 4989 | afb0 0300 | 0049 8987 | a003 0000 | 4883 ec20 | 40f6 c40f | 0f84 1900 
  0x000001f24bf8d3c0: 0000 4883 | ec08 48b8 | 00e9 073a | fb7f 0000 | ffd0 4883 | c408 e90c | 0000 0048 | b800 e907 
  0x000001f24bf8d3e0: 3afb 7f00 | 00ff d048 | 83c4 2049 | c787 a003 | 0000 0000 | 0000 49c7 | 87b0 0300 | 0000 0000 
  0x000001f24bf8d400: 0049 c787 | a803 0000 | 0000 0000 | c5f8 7749 | 837f 0800 | 0f84 0500 | 0000 e9e1 | 3aff ff4c 
  0x000001f24bf8d420: 8b6d c04c | 8b75 c84e | 8d74 f500 | c348 b9d0 | 1866 3afb | 7f00 0048 | 83e4 f048 | b8c0 942d 
  0x000001f24bf8d440: 3afb 7f00 | 00ff d0f4 | 448b 5b28 | 41f6 c320 | 0f84 4401 | 0000 488d | 55a8 4c8b | 5a08 4d85 
  0x000001f24bf8d460: db0f 85bb | 0000 00e8 | 0500 0000 | e996 0000 | 0048 8d44 | 2408 4c89 | 6dc0 498b | cfc5 f877 
  0x000001f24bf8d480: 4989 afb0 | 0300 0049 | 8987 a003 | 0000 4883 | ec20 40f6 | c40f 0f84 | 1900 0000 | 4883 ec08 
  0x000001f24bf8d4a0: 48b8 30e8 | 073a fb7f | 0000 ffd0 | 4883 c408 | e90c 0000 | 0048 b830 | e807 3afb | 7f00 00ff 
  0x000001f24bf8d4c0: d048 83c4 | 2049 c787 | a003 0000 | 0000 0000 | 49c7 87b0 | 0300 0000 | 0000 0049 | c787 a803 
  0x000001f24bf8d4e0: 0000 0000 | 0000 c5f8 | 7749 837f | 0800 0f84 | 0500 0000 | e907 3aff | ff4c 8b6d | c04c 8b75 
  0x000001f24bf8d500: c84e 8d74 | f500 c348 | b9d0 1866 | 3afb 7f00 | 0048 83e4 | f048 b8c0 | 942d 3afb | 7f00 00ff 
  0x000001f24bf8d520: d0f4 4c89 | 6dc0 488d | 024c 8b4a | 0848 c742 | 0800 0000 | 004c 8b00 | 4d85 c00f | 840b 0000 
  0x000001f24bf8d540: 00f0 4d0f | b101 0f85 | 0c00 0000 | 49ff 8f58 | 0500 00e9 | 3e00 0000 | 4c89 4a08 | 488b ca48 
  0x000001f24bf8d560: 83ec 2040 | f6c4 0f0f | 8419 0000 | 0048 83ec | 0848 b8c0 | ba07 3afb | 7f00 00ff | d048 83c4 
  0x000001f24bf8d580: 08e9 0c00 | 0000 48b8 | c0ba 073a | fb7f 0000 | ffd0 4883 | c420 4c8b | 6dc0 49ba | 9c30 8e3a 
  0x000001f24bf8d5a0: fb7f 0000 | 4180 3a00 | 0f84 3e00 | 0000 488b | 55e8 498b | cf48 83ec | 2040 f6c4 | 0f0f 8419 
  0x000001f24bf8d5c0: 0000 0048 | 83ec 0848 | b840 b53e | 3afb 7f00 | 00ff d048 | 83c4 08e9 | 0c00 0000 | 48b8 40b5 
  0x000001f24bf8d5e0: 3e3a fb7f | 0000 ffd0 | 4883 c420 | 488b 0424 | 4883 c410 | c5fb 1004 | 2448 83c4 | 104c 8b5d 
  0x000001f24bf8d600: 1841 ffd3 | 4c8b 5df8 | c95f 498b | e3ff e7ba | 0000 0000 | e805 0000 | 00e9 9600 | 0000 488d 
  0x000001f24bf8d620: 4424 084c | 896d c049 | 8bcf c5f8 | 7749 89af | b003 0000 | 4989 87a0 | 0300 0048 | 83ec 2040 
  0x000001f24bf8d640: f6c4 0f0f | 8419 0000 | 0048 83ec | 0848 b880 | ae07 3afb | 7f00 00ff | d048 83c4 | 08e9 0c00 
  0x000001f24bf8d660: 0000 48b8 | 80ae 073a | fb7f 0000 | ffd0 4883 | c420 49c7 | 87a0 0300 | 0000 0000 | 0049 c787 
  0x000001f24bf8d680: b003 0000 | 0000 0000 | 49c7 87a8 | 0300 0000 | 0000 00c5 | f877 4983 | 7f08 000f | 8405 0000 
  0x000001f24bf8d6a0: 00e9 5a38 | ffff 4c8b | 6dc0 4c8b | 75c8 4e8d | 74f5 00c3 | 488b 5de8 | e95b f6ff | ff66 6690 
[/MachCode]

---------------  P R O C E S S  ---------------

Threads class SMR info:
_java_thread_list=0x000001f25c7f4060, length=13, elements={
0x000001f23af2dfa0, 0x000001f25c3d8d60, 0x000001f25c3dbc90, 0x000001f25c3df0d0,
0x000001f25c3e2450, 0x000001f25c3e3420, 0x000001f25c3e9d70, 0x000001f25c3ecb10,
0x000001f25c3f11f0, 0x000001f25c610930, 0x000001f25c6ce710, 0x000001f25c7fd380,
0x000001f25c7fd9f0
}

Java Threads: ( => current thread )
=>0x000001f23af2dfa0 JavaThread "main"                              [_thread_in_native, id=14992, stack(0x000000bf86800000,0x000000bf86900000) (1024K)]
  0x000001f25c3d8d60 JavaThread "Reference Handler"          daemon [_thread_blocked, id=4932, stack(0x000000bf87000000,0x000000bf87100000) (1024K)]
  0x000001f25c3dbc90 JavaThread "Finalizer"                  daemon [_thread_blocked, id=17476, stack(0x000000bf87100000,0x000000bf87200000) (1024K)]
  0x000001f25c3df0d0 JavaThread "Signal Dispatcher"          daemon [_thread_blocked, id=14956, stack(0x000000bf87200000,0x000000bf87300000) (1024K)]
  0x000001f25c3e2450 JavaThread "Attach Listener"            daemon [_thread_blocked, id=10764, stack(0x000000bf87300000,0x000000bf87400000) (1024K)]
  0x000001f25c3e3420 JavaThread "Service Thread"             daemon [_thread_blocked, id=13532, stack(0x000000bf87400000,0x000000bf87500000) (1024K)]
  0x000001f25c3e9d70 JavaThread "Monitor Deflation Thread"   daemon [_thread_blocked, id=13912, stack(0x000000bf87500000,0x000000bf87600000) (1024K)]
  0x000001f25c3ecb10 JavaThread "C2 CompilerThread0"         daemon [_thread_blocked, id=10576, stack(0x000000bf87600000,0x000000bf87700000) (1024K)]
  0x000001f25c3f11f0 JavaThread "C1 CompilerThread0"         daemon [_thread_blocked, id=7796, stack(0x000000bf87700000,0x000000bf87800000) (1024K)]
  0x000001f25c610930 JavaThread "Common-Cleaner"             daemon [_thread_blocked, id=3712, stack(0x000000bf87800000,0x000000bf87900000) (1024K)]
  0x000001f25c6ce710 JavaThread "C2 CompilerThread1"         daemon [_thread_blocked, id=16772, stack(0x000000bf87900000,0x000000bf87a00000) (1024K)]
  0x000001f25c7fd380 JavaThread "Monitor Ctrl-Break"         daemon [_thread_in_native, id=13628, stack(0x000000bf87a00000,0x000000bf87b00000) (1024K)]
  0x000001f25c7fd9f0 JavaThread "Notification Thread"        daemon [_thread_blocked, id=2292, stack(0x000000bf87b00000,0x000000bf87c00000) (1024K)]
Total: 13

Other Threads:
  0x000001f25c3bdb50 VMThread "VM Thread"                           [id=8336, stack(0x000000bf86f00000,0x000000bf87000000) (1024K)]
  0x000001f25c3a1930 WatcherThread "VM Periodic Task Thread"        [id=12860, stack(0x000000bf86e00000,0x000000bf86f00000) (1024K)]
  0x000001f23af97f00 WorkerThread "GC Thread#0"                     [id=15784, stack(0x000000bf86900000,0x000000bf86a00000) (1024K)]
  0x000001f23afa9f00 ConcurrentGCThread "G1 Main Marker"            [id=15168, stack(0x000000bf86a00000,0x000000bf86b00000) (1024K)]
  0x000001f23afab0c0 WorkerThread "G1 Conc#0"                       [id=2860, stack(0x000000bf86b00000,0x000000bf86c00000) (1024K)]
  0x000001f25c2641d0 ConcurrentGCThread "G1 Refine#0"               [id=6368, stack(0x000000bf86c00000,0x000000bf86d00000) (1024K)]
  0x000001f25c264870 ConcurrentGCThread "G1 Service"                [id=13140, stack(0x000000bf86d00000,0x000000bf86e00000) (1024K)]
Total: 7

Threads with active compile tasks:
Total: 0

VM state: not at safepoint (normal execution)

VM Mutex/Monitor currently owned by a thread: None

Heap address: 0x0000000700c00000, size: 4084 MB, Compressed Oops mode: Zero based, Oop shift amount: 3

CDS archive(s) mapped at: [0x000001f25d000000-0x000001f25dc50000-0x000001f25dc50000), size 12910592, SharedBaseAddress: 0x000001f25d000000, ArchiveRelocationMode: 1.
Compressed class space mapped at: 0x000001f25e000000-0x000001f29e000000, reserved size: 1073741824
Narrow klass base: 0x000001f25d000000, Narrow klass shift: 0, Narrow klass range: 0x41000000

GC Precious Log:
 CardTable entry size: 512
 Card Set container configuration: InlinePtr #cards 4 size 8 Array Of Cards #cards 16 size 48 Howl #buckets 8 coarsen threshold 3686 Howl Bitmap #cards 512 size 80 coarsen threshold 460 Card regions per heap region 1 cards per card region 4096
 CPUs: 12 total, 12 available
 Memory: 16335M
 Large Page Support: Disabled
 NUMA Support: Disabled
 Compressed Oops: Enabled (Zero based)
 Heap Region Size: 2M
 Heap Min Capacity: 8M
 Heap Initial Capacity: 256M
 Heap Max Capacity: 4084M
 Pre-touch: Disabled
 Parallel Workers: 10
 Concurrent Workers: 3
 Concurrent Refinement Workers: 10
 Periodic GC: Disabled

Heap:
 garbage-first heap   total reserved 4182016K, committed 262144K, used 8192K [0x0000000700c00000, 0x0000000800000000)
  region size 2048K, 6 young (12288K), 0 survivors (0K)
 Metaspace       used 4707K, committed 4864K, reserved 1114112K
  class space    used 393K, committed 448K, reserved 1048576K

Heap Regions: E=young(eden), S=young(survivor), O=old, HS=humongous(starts), HC=humongous(continues), CS=collection set, F=free, TAMS=top-at-mark-start, PB=parsable bottom
|   0|0x0000000700c00000, 0x0000000700c00000, 0x0000000700e00000|  0%| F|  |TAMS 0x0000000700c00000| PB 0x0000000700c00000| Untracked |  0
|   1|0x0000000700e00000, 0x0000000700e00000, 0x0000000701000000|  0%| F|  |TAMS 0x0000000700e00000| PB 0x0000000700e00000| Untracked |  0
|   2|0x0000000701000000, 0x0000000701000000, 0x0000000701200000|  0%| F|  |TAMS 0x0000000701000000| PB 0x0000000701000000| Untracked |  0
|   3|0x0000000701200000, 0x0000000701200000, 0x0000000701400000|  0%| F|  |TAMS 0x0000000701200000| PB 0x0000000701200000| Untracked |  0
|   4|0x0000000701400000, 0x0000000701400000, 0x0000000701600000|  0%| F|  |TAMS 0x0000000701400000| PB 0x0000000701400000| Untracked |  0
|   5|0x0000000701600000, 0x0000000701600000, 0x0000000701800000|  0%| F|  |TAMS 0x0000000701600000| PB 0x0000000701600000| Untracked |  0
|   6|0x0000000701800000, 0x0000000701800000, 0x0000000701a00000|  0%| F|  |TAMS 0x0000000701800000| PB 0x0000000701800000| Untracked |  0
|   7|0x0000000701a00000, 0x0000000701a00000, 0x0000000701c00000|  0%| F|  |TAMS 0x0000000701a00000| PB 0x0000000701a00000| Untracked |  0
|   8|0x0000000701c00000, 0x0000000701c00000, 0x0000000701e00000|  0%| F|  |TAMS 0x0000000701c00000| PB 0x0000000701c00000| Untracked |  0
|   9|0x0000000701e00000, 0x0000000701e00000, 0x0000000702000000|  0%| F|  |TAMS 0x0000000701e00000| PB 0x0000000701e00000| Untracked |  0
|  10|0x0000000702000000, 0x0000000702000000, 0x0000000702200000|  0%| F|  |TAMS 0x0000000702000000| PB 0x0000000702000000| Untracked |  0
|  11|0x0000000702200000, 0x0000000702200000, 0x0000000702400000|  0%| F|  |TAMS 0x0000000702200000| PB 0x0000000702200000| Untracked |  0
|  12|0x0000000702400000, 0x0000000702400000, 0x0000000702600000|  0%| F|  |TAMS 0x0000000702400000| PB 0x0000000702400000| Untracked |  0
|  13|0x0000000702600000, 0x0000000702600000, 0x0000000702800000|  0%| F|  |TAMS 0x0000000702600000| PB 0x0000000702600000| Untracked |  0
|  14|0x0000000702800000, 0x0000000702800000, 0x0000000702a00000|  0%| F|  |TAMS 0x0000000702800000| PB 0x0000000702800000| Untracked |  0
|  15|0x0000000702a00000, 0x0000000702a00000, 0x0000000702c00000|  0%| F|  |TAMS 0x0000000702a00000| PB 0x0000000702a00000| Untracked |  0
|  16|0x0000000702c00000, 0x0000000702c00000, 0x0000000702e00000|  0%| F|  |TAMS 0x0000000702c00000| PB 0x0000000702c00000| Untracked |  0
|  17|0x0000000702e00000, 0x0000000702e00000, 0x0000000703000000|  0%| F|  |TAMS 0x0000000702e00000| PB 0x0000000702e00000| Untracked |  0
|  18|0x0000000703000000, 0x0000000703000000, 0x0000000703200000|  0%| F|  |TAMS 0x0000000703000000| PB 0x0000000703000000| Untracked |  0
|  19|0x0000000703200000, 0x0000000703200000, 0x0000000703400000|  0%| F|  |TAMS 0x0000000703200000| PB 0x0000000703200000| Untracked |  0
|  20|0x0000000703400000, 0x0000000703400000, 0x0000000703600000|  0%| F|  |TAMS 0x0000000703400000| PB 0x0000000703400000| Untracked |  0
|  21|0x0000000703600000, 0x0000000703600000, 0x0000000703800000|  0%| F|  |TAMS 0x0000000703600000| PB 0x0000000703600000| Untracked |  0
|  22|0x0000000703800000, 0x0000000703800000, 0x0000000703a00000|  0%| F|  |TAMS 0x0000000703800000| PB 0x0000000703800000| Untracked |  0
|  23|0x0000000703a00000, 0x0000000703a00000, 0x0000000703c00000|  0%| F|  |TAMS 0x0000000703a00000| PB 0x0000000703a00000| Untracked |  0
|  24|0x0000000703c00000, 0x0000000703c00000, 0x0000000703e00000|  0%| F|  |TAMS 0x0000000703c00000| PB 0x0000000703c00000| Untracked |  0
|  25|0x0000000703e00000, 0x0000000703e00000, 0x0000000704000000|  0%| F|  |TAMS 0x0000000703e00000| PB 0x0000000703e00000| Untracked |  0
|  26|0x0000000704000000, 0x0000000704000000, 0x0000000704200000|  0%| F|  |TAMS 0x0000000704000000| PB 0x0000000704000000| Untracked |  0
|  27|0x0000000704200000, 0x0000000704200000, 0x0000000704400000|  0%| F|  |TAMS 0x0000000704200000| PB 0x0000000704200000| Untracked |  0
|  28|0x0000000704400000, 0x0000000704400000, 0x0000000704600000|  0%| F|  |TAMS 0x0000000704400000| PB 0x0000000704400000| Untracked |  0
|  29|0x0000000704600000, 0x0000000704600000, 0x0000000704800000|  0%| F|  |TAMS 0x0000000704600000| PB 0x0000000704600000| Untracked |  0
|  30|0x0000000704800000, 0x0000000704800000, 0x0000000704a00000|  0%| F|  |TAMS 0x0000000704800000| PB 0x0000000704800000| Untracked |  0
|  31|0x0000000704a00000, 0x0000000704a00000, 0x0000000704c00000|  0%| F|  |TAMS 0x0000000704a00000| PB 0x0000000704a00000| Untracked |  0
|  32|0x0000000704c00000, 0x0000000704c00000, 0x0000000704e00000|  0%| F|  |TAMS 0x0000000704c00000| PB 0x0000000704c00000| Untracked |  0
|  33|0x0000000704e00000, 0x0000000704e00000, 0x0000000705000000|  0%| F|  |TAMS 0x0000000704e00000| PB 0x0000000704e00000| Untracked |  0
|  34|0x0000000705000000, 0x0000000705000000, 0x0000000705200000|  0%| F|  |TAMS 0x0000000705000000| PB 0x0000000705000000| Untracked |  0
|  35|0x0000000705200000, 0x0000000705200000, 0x0000000705400000|  0%| F|  |TAMS 0x0000000705200000| PB 0x0000000705200000| Untracked |  0
|  36|0x0000000705400000, 0x0000000705400000, 0x0000000705600000|  0%| F|  |TAMS 0x0000000705400000| PB 0x0000000705400000| Untracked |  0
|  37|0x0000000705600000, 0x0000000705600000, 0x0000000705800000|  0%| F|  |TAMS 0x0000000705600000| PB 0x0000000705600000| Untracked |  0
|  38|0x0000000705800000, 0x0000000705800000, 0x0000000705a00000|  0%| F|  |TAMS 0x0000000705800000| PB 0x0000000705800000| Untracked |  0
|  39|0x0000000705a00000, 0x0000000705a00000, 0x0000000705c00000|  0%| F|  |TAMS 0x0000000705a00000| PB 0x0000000705a00000| Untracked |  0
|  40|0x0000000705c00000, 0x0000000705c00000, 0x0000000705e00000|  0%| F|  |TAMS 0x0000000705c00000| PB 0x0000000705c00000| Untracked |  0
|  41|0x0000000705e00000, 0x0000000705e00000, 0x0000000706000000|  0%| F|  |TAMS 0x0000000705e00000| PB 0x0000000705e00000| Untracked |  0
|  42|0x0000000706000000, 0x0000000706000000, 0x0000000706200000|  0%| F|  |TAMS 0x0000000706000000| PB 0x0000000706000000| Untracked |  0
|  43|0x0000000706200000, 0x0000000706200000, 0x0000000706400000|  0%| F|  |TAMS 0x0000000706200000| PB 0x0000000706200000| Untracked |  0
|  44|0x0000000706400000, 0x0000000706400000, 0x0000000706600000|  0%| F|  |TAMS 0x0000000706400000| PB 0x0000000706400000| Untracked |  0
|  45|0x0000000706600000, 0x0000000706600000, 0x0000000706800000|  0%| F|  |TAMS 0x0000000706600000| PB 0x0000000706600000| Untracked |  0
|  46|0x0000000706800000, 0x0000000706800000, 0x0000000706a00000|  0%| F|  |TAMS 0x0000000706800000| PB 0x0000000706800000| Untracked |  0
|  47|0x0000000706a00000, 0x0000000706a00000, 0x0000000706c00000|  0%| F|  |TAMS 0x0000000706a00000| PB 0x0000000706a00000| Untracked |  0
|  48|0x0000000706c00000, 0x0000000706c00000, 0x0000000706e00000|  0%| F|  |TAMS 0x0000000706c00000| PB 0x0000000706c00000| Untracked |  0
|  49|0x0000000706e00000, 0x0000000706e00000, 0x0000000707000000|  0%| F|  |TAMS 0x0000000706e00000| PB 0x0000000706e00000| Untracked |  0
|  50|0x0000000707000000, 0x0000000707000000, 0x0000000707200000|  0%| F|  |TAMS 0x0000000707000000| PB 0x0000000707000000| Untracked |  0
|  51|0x0000000707200000, 0x0000000707200000, 0x0000000707400000|  0%| F|  |TAMS 0x0000000707200000| PB 0x0000000707200000| Untracked |  0
|  52|0x0000000707400000, 0x0000000707400000, 0x0000000707600000|  0%| F|  |TAMS 0x0000000707400000| PB 0x0000000707400000| Untracked |  0
|  53|0x0000000707600000, 0x0000000707600000, 0x0000000707800000|  0%| F|  |TAMS 0x0000000707600000| PB 0x0000000707600000| Untracked |  0
|  54|0x0000000707800000, 0x0000000707800000, 0x0000000707a00000|  0%| F|  |TAMS 0x0000000707800000| PB 0x0000000707800000| Untracked |  0
|  55|0x0000000707a00000, 0x0000000707a00000, 0x0000000707c00000|  0%| F|  |TAMS 0x0000000707a00000| PB 0x0000000707a00000| Untracked |  0
|  56|0x0000000707c00000, 0x0000000707c00000, 0x0000000707e00000|  0%| F|  |TAMS 0x0000000707c00000| PB 0x0000000707c00000| Untracked |  0
|  57|0x0000000707e00000, 0x0000000707e00000, 0x0000000708000000|  0%| F|  |TAMS 0x0000000707e00000| PB 0x0000000707e00000| Untracked |  0
|  58|0x0000000708000000, 0x0000000708000000, 0x0000000708200000|  0%| F|  |TAMS 0x0000000708000000| PB 0x0000000708000000| Untracked |  0
|  59|0x0000000708200000, 0x0000000708200000, 0x0000000708400000|  0%| F|  |TAMS 0x0000000708200000| PB 0x0000000708200000| Untracked |  0
|  60|0x0000000708400000, 0x0000000708400000, 0x0000000708600000|  0%| F|  |TAMS 0x0000000708400000| PB 0x0000000708400000| Untracked |  0
|  61|0x0000000708600000, 0x0000000708600000, 0x0000000708800000|  0%| F|  |TAMS 0x0000000708600000| PB 0x0000000708600000| Untracked |  0
|  62|0x0000000708800000, 0x0000000708800000, 0x0000000708a00000|  0%| F|  |TAMS 0x0000000708800000| PB 0x0000000708800000| Untracked |  0
|  63|0x0000000708a00000, 0x0000000708a00000, 0x0000000708c00000|  0%| F|  |TAMS 0x0000000708a00000| PB 0x0000000708a00000| Untracked |  0
|  64|0x0000000708c00000, 0x0000000708c00000, 0x0000000708e00000|  0%| F|  |TAMS 0x0000000708c00000| PB 0x0000000708c00000| Untracked |  0
|  65|0x0000000708e00000, 0x0000000708e00000, 0x0000000709000000|  0%| F|  |TAMS 0x0000000708e00000| PB 0x0000000708e00000| Untracked |  0
|  66|0x0000000709000000, 0x0000000709000000, 0x0000000709200000|  0%| F|  |TAMS 0x0000000709000000| PB 0x0000000709000000| Untracked |  0
|  67|0x0000000709200000, 0x0000000709200000, 0x0000000709400000|  0%| F|  |TAMS 0x0000000709200000| PB 0x0000000709200000| Untracked |  0
|  68|0x0000000709400000, 0x0000000709400000, 0x0000000709600000|  0%| F|  |TAMS 0x0000000709400000| PB 0x0000000709400000| Untracked |  0
|  69|0x0000000709600000, 0x0000000709600000, 0x0000000709800000|  0%| F|  |TAMS 0x0000000709600000| PB 0x0000000709600000| Untracked |  0
|  70|0x0000000709800000, 0x0000000709800000, 0x0000000709a00000|  0%| F|  |TAMS 0x0000000709800000| PB 0x0000000709800000| Untracked |  0
|  71|0x0000000709a00000, 0x0000000709a00000, 0x0000000709c00000|  0%| F|  |TAMS 0x0000000709a00000| PB 0x0000000709a00000| Untracked |  0
|  72|0x0000000709c00000, 0x0000000709c00000, 0x0000000709e00000|  0%| F|  |TAMS 0x0000000709c00000| PB 0x0000000709c00000| Untracked |  0
|  73|0x0000000709e00000, 0x0000000709e00000, 0x000000070a000000|  0%| F|  |TAMS 0x0000000709e00000| PB 0x0000000709e00000| Untracked |  0
|  74|0x000000070a000000, 0x000000070a000000, 0x000000070a200000|  0%| F|  |TAMS 0x000000070a000000| PB 0x000000070a000000| Untracked |  0
|  75|0x000000070a200000, 0x000000070a200000, 0x000000070a400000|  0%| F|  |TAMS 0x000000070a200000| PB 0x000000070a200000| Untracked |  0
|  76|0x000000070a400000, 0x000000070a400000, 0x000000070a600000|  0%| F|  |TAMS 0x000000070a400000| PB 0x000000070a400000| Untracked |  0
|  77|0x000000070a600000, 0x000000070a600000, 0x000000070a800000|  0%| F|  |TAMS 0x000000070a600000| PB 0x000000070a600000| Untracked |  0
|  78|0x000000070a800000, 0x000000070a800000, 0x000000070aa00000|  0%| F|  |TAMS 0x000000070a800000| PB 0x000000070a800000| Untracked |  0
|  79|0x000000070aa00000, 0x000000070aa00000, 0x000000070ac00000|  0%| F|  |TAMS 0x000000070aa00000| PB 0x000000070aa00000| Untracked |  0
|  80|0x000000070ac00000, 0x000000070ac00000, 0x000000070ae00000|  0%| F|  |TAMS 0x000000070ac00000| PB 0x000000070ac00000| Untracked |  0
|  81|0x000000070ae00000, 0x000000070ae00000, 0x000000070b000000|  0%| F|  |TAMS 0x000000070ae00000| PB 0x000000070ae00000| Untracked |  0
|  82|0x000000070b000000, 0x000000070b000000, 0x000000070b200000|  0%| F|  |TAMS 0x000000070b000000| PB 0x000000070b000000| Untracked |  0
|  83|0x000000070b200000, 0x000000070b200000, 0x000000070b400000|  0%| F|  |TAMS 0x000000070b200000| PB 0x000000070b200000| Untracked |  0
|  84|0x000000070b400000, 0x000000070b400000, 0x000000070b600000|  0%| F|  |TAMS 0x000000070b400000| PB 0x000000070b400000| Untracked |  0
|  85|0x000000070b600000, 0x000000070b600000, 0x000000070b800000|  0%| F|  |TAMS 0x000000070b600000| PB 0x000000070b600000| Untracked |  0
|  86|0x000000070b800000, 0x000000070b800000, 0x000000070ba00000|  0%| F|  |TAMS 0x000000070b800000| PB 0x000000070b800000| Untracked |  0
|  87|0x000000070ba00000, 0x000000070ba00000, 0x000000070bc00000|  0%| F|  |TAMS 0x000000070ba00000| PB 0x000000070ba00000| Untracked |  0
|  88|0x000000070bc00000, 0x000000070bc00000, 0x000000070be00000|  0%| F|  |TAMS 0x000000070bc00000| PB 0x000000070bc00000| Untracked |  0
|  89|0x000000070be00000, 0x000000070be00000, 0x000000070c000000|  0%| F|  |TAMS 0x000000070be00000| PB 0x000000070be00000| Untracked |  0
|  90|0x000000070c000000, 0x000000070c000000, 0x000000070c200000|  0%| F|  |TAMS 0x000000070c000000| PB 0x000000070c000000| Untracked |  0
|  91|0x000000070c200000, 0x000000070c200000, 0x000000070c400000|  0%| F|  |TAMS 0x000000070c200000| PB 0x000000070c200000| Untracked |  0
|  92|0x000000070c400000, 0x000000070c400000, 0x000000070c600000|  0%| F|  |TAMS 0x000000070c400000| PB 0x000000070c400000| Untracked |  0
|  93|0x000000070c600000, 0x000000070c600000, 0x000000070c800000|  0%| F|  |TAMS 0x000000070c600000| PB 0x000000070c600000| Untracked |  0
|  94|0x000000070c800000, 0x000000070c800000, 0x000000070ca00000|  0%| F|  |TAMS 0x000000070c800000| PB 0x000000070c800000| Untracked |  0
|  95|0x000000070ca00000, 0x000000070ca00000, 0x000000070cc00000|  0%| F|  |TAMS 0x000000070ca00000| PB 0x000000070ca00000| Untracked |  0
|  96|0x000000070cc00000, 0x000000070cc00000, 0x000000070ce00000|  0%| F|  |TAMS 0x000000070cc00000| PB 0x000000070cc00000| Untracked |  0
|  97|0x000000070ce00000, 0x000000070ce00000, 0x000000070d000000|  0%| F|  |TAMS 0x000000070ce00000| PB 0x000000070ce00000| Untracked |  0
|  98|0x000000070d000000, 0x000000070d000000, 0x000000070d200000|  0%| F|  |TAMS 0x000000070d000000| PB 0x000000070d000000| Untracked |  0
|  99|0x000000070d200000, 0x000000070d200000, 0x000000070d400000|  0%| F|  |TAMS 0x000000070d200000| PB 0x000000070d200000| Untracked |  0
| 100|0x000000070d400000, 0x000000070d400000, 0x000000070d600000|  0%| F|  |TAMS 0x000000070d400000| PB 0x000000070d400000| Untracked |  0
| 101|0x000000070d600000, 0x000000070d600000, 0x000000070d800000|  0%| F|  |TAMS 0x000000070d600000| PB 0x000000070d600000| Untracked |  0
| 102|0x000000070d800000, 0x000000070d800000, 0x000000070da00000|  0%| F|  |TAMS 0x000000070d800000| PB 0x000000070d800000| Untracked |  0
| 103|0x000000070da00000, 0x000000070da00000, 0x000000070dc00000|  0%| F|  |TAMS 0x000000070da00000| PB 0x000000070da00000| Untracked |  0
| 104|0x000000070dc00000, 0x000000070dc00000, 0x000000070de00000|  0%| F|  |TAMS 0x000000070dc00000| PB 0x000000070dc00000| Untracked |  0
| 105|0x000000070de00000, 0x000000070de00000, 0x000000070e000000|  0%| F|  |TAMS 0x000000070de00000| PB 0x000000070de00000| Untracked |  0
| 106|0x000000070e000000, 0x000000070e000000, 0x000000070e200000|  0%| F|  |TAMS 0x000000070e000000| PB 0x000000070e000000| Untracked |  0
| 107|0x000000070e200000, 0x000000070e200000, 0x000000070e400000|  0%| F|  |TAMS 0x000000070e200000| PB 0x000000070e200000| Untracked |  0
| 108|0x000000070e400000, 0x000000070e400000, 0x000000070e600000|  0%| F|  |TAMS 0x000000070e400000| PB 0x000000070e400000| Untracked |  0
| 109|0x000000070e600000, 0x000000070e600000, 0x000000070e800000|  0%| F|  |TAMS 0x000000070e600000| PB 0x000000070e600000| Untracked |  0
| 110|0x000000070e800000, 0x000000070e800000, 0x000000070ea00000|  0%| F|  |TAMS 0x000000070e800000| PB 0x000000070e800000| Untracked |  0
| 111|0x000000070ea00000, 0x000000070ea00000, 0x000000070ec00000|  0%| F|  |TAMS 0x000000070ea00000| PB 0x000000070ea00000| Untracked |  0
| 112|0x000000070ec00000, 0x000000070ec00000, 0x000000070ee00000|  0%| F|  |TAMS 0x000000070ec00000| PB 0x000000070ec00000| Untracked |  0
| 113|0x000000070ee00000, 0x000000070ee00000, 0x000000070f000000|  0%| F|  |TAMS 0x000000070ee00000| PB 0x000000070ee00000| Untracked |  0
| 114|0x000000070f000000, 0x000000070f000000, 0x000000070f200000|  0%| F|  |TAMS 0x000000070f000000| PB 0x000000070f000000| Untracked |  0
| 115|0x000000070f200000, 0x000000070f200000, 0x000000070f400000|  0%| F|  |TAMS 0x000000070f200000| PB 0x000000070f200000| Untracked |  0
| 116|0x000000070f400000, 0x000000070f400000, 0x000000070f600000|  0%| F|  |TAMS 0x000000070f400000| PB 0x000000070f400000| Untracked |  0
| 117|0x000000070f600000, 0x000000070f600000, 0x000000070f800000|  0%| F|  |TAMS 0x000000070f600000| PB 0x000000070f600000| Untracked |  0
| 118|0x000000070f800000, 0x000000070f800000, 0x000000070fa00000|  0%| F|  |TAMS 0x000000070f800000| PB 0x000000070f800000| Untracked |  0
| 119|0x000000070fa00000, 0x000000070fa00000, 0x000000070fc00000|  0%| F|  |TAMS 0x000000070fa00000| PB 0x000000070fa00000| Untracked |  0
| 120|0x000000070fc00000, 0x000000070fc00000, 0x000000070fe00000|  0%| F|  |TAMS 0x000000070fc00000| PB 0x000000070fc00000| Untracked |  0
| 121|0x000000070fe00000, 0x000000070fe00000, 0x0000000710000000|  0%| F|  |TAMS 0x000000070fe00000| PB 0x000000070fe00000| Untracked |  0
| 122|0x0000000710000000, 0x00000007101d1490, 0x0000000710200000| 90%| E|  |TAMS 0x0000000710000000| PB 0x0000000710000000| Complete |  0
| 123|0x0000000710200000, 0x0000000710400000, 0x0000000710400000|100%| E|  |TAMS 0x0000000710200000| PB 0x0000000710200000| Complete |  0
| 124|0x0000000710400000, 0x0000000710600000, 0x0000000710600000|100%| E|CS|TAMS 0x0000000710400000| PB 0x0000000710400000| Complete |  0
| 125|0x0000000710600000, 0x0000000710800000, 0x0000000710800000|100%| E|CS|TAMS 0x0000000710600000| PB 0x0000000710600000| Complete |  0
| 126|0x0000000710800000, 0x0000000710a00000, 0x0000000710a00000|100%| E|CS|TAMS 0x0000000710800000| PB 0x0000000710800000| Complete |  0
| 127|0x0000000710a00000, 0x0000000710c00000, 0x0000000710c00000|100%| E|CS|TAMS 0x0000000710a00000| PB 0x0000000710a00000| Complete |  0

Card table byte_map: [0x000001f254f00000,0x000001f255700000] _byte_map_base: 0x000001f2516fa000

Marking Bits: (CMBitMap*) 0x000001f23af99530
 Bits: [0x000001f255700000, 0x000001f2596d0000)

Polling page: 0x000001f23b000000

Metaspace:

Usage:
  Non-class:      4.21 MB used.
      Class:    393.86 KB used.
       Both:      4.60 MB used.

Virtual space:
  Non-class space:       64.00 MB reserved,       4.31 MB (  7%) committed,  1 nodes.
      Class space:        1.00 GB reserved,     448.00 KB ( <1%) committed,  1 nodes.
             Both:        1.06 GB reserved,       4.75 MB ( <1%) committed. 

Chunk freelists:
   Non-Class:  9.89 MB
       Class:  15.57 MB
        Both:  25.46 MB

MaxMetaspaceSize: unlimited
CompressedClassSpaceSize: 1.00 GB
Initial GC threshold: 21.00 MB
Current GC threshold: 21.00 MB
CDS: on
 - commit_granule_bytes: 65536.
 - commit_granule_words: 8192.
 - virtual_space_node_default_size: 8388608.
 - enlarge_chunks_in_place: 1.
 - use_allocation_guard: 0.


Internal statistics:

num_allocs_failed_limit: 0.
num_arena_births: 84.
num_arena_deaths: 0.
num_vsnodes_births: 2.
num_vsnodes_deaths: 0.
num_space_committed: 76.
num_space_uncommitted: 0.
num_chunks_returned_to_freelist: 0.
num_chunks_taken_from_freelist: 198.
num_chunk_merges: 0.
num_chunk_splits: 130.
num_chunks_enlarged: 82.
num_inconsistent_stats: 0.

CodeHeap 'non-profiled nmethods': size=120000Kb used=271Kb max_used=271Kb free=119729Kb
 bounds [0x000001f24c520000, 0x000001f24c790000, 0x000001f253a50000]
CodeHeap 'profiled nmethods': size=120000Kb used=1378Kb max_used=1378Kb free=118621Kb
 bounds [0x000001f244a50000, 0x000001f244cc0000, 0x000001f24bf80000]
CodeHeap 'non-nmethods': size=5760Kb used=1393Kb max_used=1408Kb free=4366Kb
 bounds [0x000001f24bf80000, 0x000001f24c1f0000, 0x000001f24c520000]
 total_blobs=1398 nmethods=907 adapters=396
 compilation: enabled
              stopped_count=0, restarted_count=0
 full_count=0

Compilation events (20 events):
Event: 0.749 Thread 0x000001f25c3f11f0 nmethod 897 0x000001f244ba2410 code [0x000001f244ba25c0, 0x000001f244ba2700]
Event: 0.749 Thread 0x000001f25c3f11f0  898       3       com.google.protobuf.UnsafeUtil$JvmMemoryAccessor::putByte (12 bytes)
Event: 0.750 Thread 0x000001f25c3f11f0 nmethod 898 0x000001f244ba2790 code [0x000001f244ba2920, 0x000001f244ba2ae8]
Event: 0.750 Thread 0x000001f25c3f11f0  899       3       sun.misc.Unsafe::putByte (11 bytes)
Event: 0.750 Thread 0x000001f25c3f11f0 nmethod 899 0x000001f244ba2c10 code [0x000001f244ba2da0, 0x000001f244ba2eb0]
Event: 0.750 Thread 0x000001f25c3f11f0  900       1       com.google.protobuf.GeneratedMessage::getUnknownFields (5 bytes)
Event: 0.750 Thread 0x000001f25c3f11f0 nmethod 900 0x000001f24c562a90 code [0x000001f24c562c20, 0x000001f24c562cf0]
Event: 0.750 Thread 0x000001f25c3f11f0  901       1       com.google.ortools.sat.IntegerVariableProto::getDomainList (5 bytes)
Event: 0.750 Thread 0x000001f25c3f11f0 nmethod 901 0x000001f24c562d90 code [0x000001f24c562f20, 0x000001f24c562ff0]
Event: 0.750 Thread 0x000001f25c3f11f0  904       3       com.google.ortools.sat.IntegerVariableProto::getSerializedSize (122 bytes)
Event: 0.751 Thread 0x000001f25c3f11f0 nmethod 904 0x000001f244ba2f90 code [0x000001f244ba3320, 0x000001f244ba4bd0]
Event: 0.751 Thread 0x000001f25c3f11f0  903   !   3       com.google.protobuf.CodedOutputStream$ArrayEncoder::writeUInt32NoTag (106 bytes)
Event: 0.752 Thread 0x000001f25c3f11f0 nmethod 903 0x000001f244ba5490 code [0x000001f244ba57a0, 0x000001f244ba6c58]
Event: 0.752 Thread 0x000001f25c3f11f0  905       3       com.google.protobuf.WireFormat::makeTag (6 bytes)
Event: 0.752 Thread 0x000001f25c3f11f0 nmethod 905 0x000001f244ba7410 code [0x000001f244ba75a0, 0x000001f244ba7698]
Event: 0.752 Thread 0x000001f25c3f11f0  906       3       com.google.protobuf.LongArrayList::getLong (12 bytes)
Event: 0.752 Thread 0x000001f25c3f11f0 nmethod 906 0x000001f244ba7710 code [0x000001f244ba78e0, 0x000001f244ba7c10]
Event: 0.752 Thread 0x000001f25c3f11f0  907       3       com.google.protobuf.LongArrayList::ensureIndexInRange (26 bytes)
Event: 0.752 Thread 0x000001f25c3f11f0 nmethod 907 0x000001f244ba7d90 code [0x000001f244ba8000, 0x000001f244ba8830]
Event: 0.754 Thread 0x000001f25c3ecb10 nmethod 891 0x000001f24c563090 code [0x000001f24c563260, 0x000001f24c563930]

GC Heap History (0 events):
No events

Dll operation events (11 events):
Event: 0.011 Loaded shared library C:\Users\Victor\.jdks\openjdk-22.0.1\bin\java.dll
Event: 0.041 Loaded shared library C:\Users\Victor\.jdks\openjdk-22.0.1\bin\jsvml.dll
Event: 0.085 Loaded shared library C:\Users\Victor\.jdks\openjdk-22.0.1\bin\zip.dll
Event: 0.088 Loaded shared library C:\Users\Victor\.jdks\openjdk-22.0.1\bin\instrument.dll
Event: 0.093 Loaded shared library C:\Users\Victor\.jdks\openjdk-22.0.1\bin\net.dll
Event: 0.095 Loaded shared library C:\Users\Victor\.jdks\openjdk-22.0.1\bin\nio.dll
Event: 0.100 Loaded shared library C:\Users\Victor\.jdks\openjdk-22.0.1\bin\zip.dll
Event: 0.117 Loaded shared library C:\Program Files\JetBrains\IntelliJ IDEA 2022.3.2\bin\breakgen64.dll
Event: 0.126 Loaded shared library C:\Users\Victor\.jdks\openjdk-22.0.1\bin\jimage.dll
Event: 0.126 Loaded shared library C:\Users\Victor\.jdks\openjdk-22.0.1\bin\extnet.dll
Event: 0.620 Loaded shared library C:\Users\Victor\AppData\Local\Temp\ortools-java472969079600844457\ortools-win32-x86-64\jniortools.dll

Deoptimization events (20 events):
Event: 0.155 Thread 0x000001f23af2dfa0 Uncommon trap: trap_request=0xffffff45 fr.pc=0x000001f24c52ef64 relative=0x0000000000000b24
Event: 0.155 Thread 0x000001f23af2dfa0 Uncommon trap: reason=unstable_if action=reinterpret pc=0x000001f24c52ef64 method=java.util.HashMap.putVal(ILjava/lang/Object;Ljava/lang/Object;ZZ)Ljava/lang/Object; @ 181 c2
Event: 0.155 Thread 0x000001f23af2dfa0 DEOPT PACKING pc=0x000001f24c52ef64 sp=0x000000bf868fe460
Event: 0.155 Thread 0x000001f23af2dfa0 DEOPT UNPACKING pc=0x000001f24bfd46a2 sp=0x000000bf868fe420 mode 2
Event: 0.219 Thread 0x000001f23af2dfa0 Uncommon trap: trap_request=0xffffff45 fr.pc=0x000001f24c53ad30 relative=0x0000000000000190
Event: 0.219 Thread 0x000001f23af2dfa0 Uncommon trap: reason=unstable_if action=reinterpret pc=0x000001f24c53ad30 method=jdk.internal.util.ArraysSupport.vectorizedHashCode(Ljava/lang/Object;IIII)I @ 2 c2
Event: 0.219 Thread 0x000001f23af2dfa0 DEOPT PACKING pc=0x000001f24c53ad30 sp=0x000000bf868ff030
Event: 0.219 Thread 0x000001f23af2dfa0 DEOPT UNPACKING pc=0x000001f24bfd46a2 sp=0x000000bf868fefe0 mode 2
Event: 0.225 Thread 0x000001f23af2dfa0 Uncommon trap: trap_request=0xffffff45 fr.pc=0x000001f24c53def0 relative=0x00000000000001b0
Event: 0.225 Thread 0x000001f23af2dfa0 Uncommon trap: reason=unstable_if action=reinterpret pc=0x000001f24c53def0 method=java.lang.invoke.VarHandle.checkAccessModeThenIsDirect(Ljava/lang/invoke/VarHandle$AccessDescriptor;)Z @ 4 c2
Event: 0.225 Thread 0x000001f23af2dfa0 DEOPT PACKING pc=0x000001f24c53def0 sp=0x000000bf868fdbc0
Event: 0.225 Thread 0x000001f23af2dfa0 DEOPT UNPACKING pc=0x000001f24bfd46a2 sp=0x000000bf868fdaf8 mode 2
Event: 0.631 Thread 0x000001f23af2dfa0 DEOPT PACKING pc=0x000001f244a7c3fc sp=0x000000bf868fade0
Event: 0.631 Thread 0x000001f23af2dfa0 DEOPT UNPACKING pc=0x000001f24bfd4e42 sp=0x000000bf868fa200 mode 0
Event: 0.650 Thread 0x000001f23af2dfa0 Uncommon trap: trap_request=0xffffff45 fr.pc=0x000001f24c546880 relative=0x0000000000000160
Event: 0.650 Thread 0x000001f23af2dfa0 Uncommon trap: reason=unstable_if action=reinterpret pc=0x000001f24c546880 method=java.util.concurrent.locks.ReentrantLock$NonfairSync.initialTryLock()Z @ 10 c2
Event: 0.650 Thread 0x000001f23af2dfa0 DEOPT PACKING pc=0x000001f24c546880 sp=0x000000bf868fda50
Event: 0.650 Thread 0x000001f23af2dfa0 DEOPT UNPACKING pc=0x000001f24bfd46a2 sp=0x000000bf868fd9f8 mode 2
Event: 0.655 Thread 0x000001f23af2dfa0 DEOPT PACKING pc=0x000001f244a5bf4c sp=0x000000bf868fdd90
Event: 0.655 Thread 0x000001f23af2dfa0 DEOPT UNPACKING pc=0x000001f24bfd4e42 sp=0x000000bf868fd1f8 mode 0

Classes loaded (20 events):
Event: 0.655 Loading class java/lang/ProcessEnvironment$NameComparator
Event: 0.655 Loading class java/lang/ProcessEnvironment$NameComparator done
Event: 0.655 Loading class java/lang/ProcessEnvironment$EntryComparator
Event: 0.655 Loading class java/lang/ProcessEnvironment$EntryComparator done
Event: 0.655 Loading class java/lang/ProcessEnvironment$CheckedEntrySet
Event: 0.655 Loading class java/lang/ProcessEnvironment$CheckedEntrySet done
Event: 0.655 Loading class java/lang/ProcessEnvironment$CheckedEntrySet$1
Event: 0.655 Loading class java/lang/ProcessEnvironment$CheckedEntrySet$1 done
Event: 0.655 Loading class java/lang/ProcessEnvironment$CheckedEntry
Event: 0.655 Loading class java/lang/ProcessEnvironment$CheckedEntry done
Event: 0.667 Loading class java/lang/IndexOutOfBoundsException
Event: 0.667 Loading class java/lang/IndexOutOfBoundsException done
Event: 0.743 Loading class sun/misc/Unsafe
Event: 0.743 Loading class sun/misc/Unsafe done
Event: 0.743 Loading class java/lang/invoke/DirectMethodHandle$StaticAccessor
Event: 0.743 Loading class java/lang/invoke/DirectMethodHandle$StaticAccessor done
Event: 0.745 Loading class java/lang/foreign/MemorySegment
Event: 0.746 Loading class java/lang/foreign/MemorySegment done
Event: 0.748 Loading class java/lang/ArrayIndexOutOfBoundsException
Event: 0.749 Loading class java/lang/ArrayIndexOutOfBoundsException done

Classes unloaded (0 events):
No events

Classes redefined (0 events):
No events

Internal exceptions (8 events):
Event: 0.110 Thread 0x000001f23af2dfa0 Exception <a 'java/lang/NoSuchMethodError'{0x000000071098f7e8}: 'void java.lang.invoke.DirectMethodHandle$Holder.invokeStatic(java.lang.Object, java.lang.Object, java.lang.Object)'> (0x000000071098f7e8) 
thrown [s\open\src\hotspot\share\interpreter\linkResolver.cpp, line 774]
Event: 0.114 Thread 0x000001f23af2dfa0 Exception <a 'java/lang/NoSuchMethodError'{0x00000007109a7280}: 'java.lang.Object java.lang.invoke.Invokers$Holder.invokeExact_MT(java.lang.Object, java.lang.Object, java.lang.Object, java.lang.Object, java.lang.Object)'> (0x00000007109a7280) 
thrown [s\open\src\hotspot\share\interpreter\linkResolver.cpp, line 774]
Event: 0.127 Thread 0x000001f25c7fd380 Exception <a 'java/lang/NoSuchMethodError'{0x00000007106067d0}: 'void java.lang.invoke.DirectMethodHandle$Holder.invokeStatic(java.lang.Object, java.lang.Object)'> (0x00000007106067d0) 
thrown [s\open\src\hotspot\share\interpreter\linkResolver.cpp, line 774]
Event: 0.159 Thread 0x000001f23af2dfa0 Exception <a 'java/lang/NoSuchMethodError'{0x00000007106b22b0}: 'java.lang.Object java.lang.invoke.DirectMethodHandle$Holder.invokeStaticInit(java.lang.Object, int, int, int, int)'> (0x00000007106b22b0) 
thrown [s\open\src\hotspot\share\interpreter\linkResolver.cpp, line 774]
Event: 0.189 Thread 0x000001f23af2dfa0 Exception <a 'java/lang/NoSuchMethodError'{0x00000007107a5900}: 'java.lang.Object java.lang.invoke.DirectMethodHandle$Holder.invokeStaticInit(java.lang.Object, java.lang.Object, int, int, int, int)'> (0x00000007107a5900) 
thrown [s\open\src\hotspot\share\interpreter\linkResolver.cpp, line 774]
Event: 0.240 Thread 0x000001f23af2dfa0 Exception <a 'java/lang/NoSuchMethodError'{0x000000071045c3f8}: 'java.lang.Object java.lang.invoke.DirectMethodHandle$Holder.invokeStatic(java.lang.Object, int, java.lang.Object)'> (0x000000071045c3f8) 
thrown [s\open\src\hotspot\share\interpreter\linkResolver.cpp, line 774]
Event: 0.244 Thread 0x000001f23af2dfa0 Exception <a 'sun/nio/fs/WindowsException'{0x0000000710471488}> (0x0000000710471488) 
thrown [s\open\src\hotspot\share\prims\jni.cpp, line 520]
Event: 0.245 Thread 0x000001f23af2dfa0 Exception <a 'sun/nio/fs/WindowsException'{0x0000000710472298}> (0x0000000710472298) 
thrown [s\open\src\hotspot\share\prims\jni.cpp, line 520]

ZGC Phase Switch (0 events):
No events

VM Operations (6 events):
Event: 0.072 Executing VM operation: HandshakeAllThreads (Deoptimize)
Event: 0.072 Executing VM operation: HandshakeAllThreads (Deoptimize) done
Event: 0.197 Executing VM operation: HandshakeAllThreads (Deoptimize)
Event: 0.197 Executing VM operation: HandshakeAllThreads (Deoptimize) done
Event: 0.655 Executing VM operation: HandshakeAllThreads (Deoptimize)
Event: 0.655 Executing VM operation: HandshakeAllThreads (Deoptimize) done

Events (13 events):
Event: 0.025 Thread 0x000001f23af2dfa0 Thread added: 0x000001f23af2dfa0
Event: 0.038 Thread 0x000001f25c3d8d60 Thread added: 0x000001f25c3d8d60
Event: 0.038 Thread 0x000001f25c3dbc90 Thread added: 0x000001f25c3dbc90
Event: 0.039 Thread 0x000001f25c3df0d0 Thread added: 0x000001f25c3df0d0
Event: 0.039 Thread 0x000001f25c3e2450 Thread added: 0x000001f25c3e2450
Event: 0.039 Thread 0x000001f25c3e3420 Thread added: 0x000001f25c3e3420
Event: 0.039 Thread 0x000001f25c3e9d70 Thread added: 0x000001f25c3e9d70
Event: 0.039 Thread 0x000001f25c3ecb10 Thread added: 0x000001f25c3ecb10
Event: 0.039 Thread 0x000001f25c3f11f0 Thread added: 0x000001f25c3f11f0
Event: 0.067 Thread 0x000001f25c610930 Thread added: 0x000001f25c610930
Event: 0.081 Thread 0x000001f25c6ce710 Thread added: 0x000001f25c6ce710
Event: 0.118 Thread 0x000001f25c7fd380 Thread added: 0x000001f25c7fd380
Event: 0.118 Thread 0x000001f25c7fd9f0 Thread added: 0x000001f25c7fd9f0


Dynamic libraries:
0x00007ff6228f0000 - 0x00007ff6228fe000 	C:\Users\Victor\.jdks\openjdk-22.0.1\bin\java.exe
0x00007ffbcd230000 - 0x00007ffbcd428000 	C:\Windows\SYSTEM32\ntdll.dll
0x00007ffbcb260000 - 0x00007ffbcb31d000 	C:\Windows\System32\KERNEL32.DLL
0x00007ffbcac30000 - 0x00007ffbcaf26000 	C:\Windows\System32\KERNELBASE.dll
0x00007ffbcab30000 - 0x00007ffbcac30000 	C:\Windows\System32\ucrtbase.dll
0x00007ffbb2530000 - 0x00007ffbb2547000 	C:\Users\Victor\.jdks\openjdk-22.0.1\bin\jli.dll
0x00007ffba0030000 - 0x00007ffba004b000 	C:\Users\Victor\.jdks\openjdk-22.0.1\bin\VCRUNTIME140.dll
0x00007ffbcd040000 - 0x00007ffbcd1df000 	C:\Windows\System32\USER32.dll
0x00007ffbca950000 - 0x00007ffbca972000 	C:\Windows\System32\win32u.dll
0x00007ffbcc700000 - 0x00007ffbcc72b000 	C:\Windows\System32\GDI32.dll
0x00007ffbcb010000 - 0x00007ffbcb127000 	C:\Windows\System32\gdi32full.dll
0x00007ffbb1da0000 - 0x00007ffbb203a000 	C:\Windows\WinSxS\amd64_microsoft.windows.common-controls_6595b64144ccf1df_6.0.19041.4355_none_60b8b9eb71f62e16\COMCTL32.dll
0x00007ffbcb1c0000 - 0x00007ffbcb25d000 	C:\Windows\System32\msvcp_win.dll
0x00007ffbcc8c0000 - 0x00007ffbcc95e000 	C:\Windows\System32\msvcrt.dll
0x00007ffbcc960000 - 0x00007ffbcc992000 	C:\Windows\System32\IMM32.DLL
0x00007ffbc63d0000 - 0x00007ffbc63dc000 	C:\Users\Victor\.jdks\openjdk-22.0.1\bin\vcruntime140_1.dll
0x00007ffb5f480000 - 0x00007ffb5f50e000 	C:\Users\Victor\.jdks\openjdk-22.0.1\bin\msvcp140.dll
0x00007ffb39ca0000 - 0x00007ffb3a9e7000 	C:\Users\Victor\.jdks\openjdk-22.0.1\bin\server\jvm.dll
0x00007ffbcc650000 - 0x00007ffbcc700000 	C:\Windows\System32\ADVAPI32.dll
0x00007ffbcc820000 - 0x00007ffbcc8c0000 	C:\Windows\System32\sechost.dll
0x00007ffbcc2b0000 - 0x00007ffbcc3d3000 	C:\Windows\System32\RPCRT4.dll
0x00007ffbcafe0000 - 0x00007ffbcb007000 	C:\Windows\System32\bcrypt.dll
0x00007ffbcb8c0000 - 0x00007ffbcb92b000 	C:\Windows\System32\WS2_32.dll
0x00007ffbbb140000 - 0x00007ffbbb167000 	C:\Windows\SYSTEM32\WINMM.dll
0x00007ffbc9e10000 - 0x00007ffbc9e5b000 	C:\Windows\SYSTEM32\POWRPROF.dll
0x00007ffbc1090000 - 0x00007ffbc109a000 	C:\Windows\SYSTEM32\VERSION.dll
0x00007ffbc9cd0000 - 0x00007ffbc9ce2000 	C:\Windows\SYSTEM32\UMPDC.dll
0x00007ffbc8780000 - 0x00007ffbc8792000 	C:\Windows\SYSTEM32\kernel.appcore.dll
0x00007ffbc38c0000 - 0x00007ffbc38ca000 	C:\Users\Victor\.jdks\openjdk-22.0.1\bin\jimage.dll
0x00007ffbb2630000 - 0x00007ffbb2814000 	C:\Windows\SYSTEM32\DBGHELP.DLL
0x00007ffbae4b0000 - 0x00007ffbae4e4000 	C:\Windows\SYSTEM32\dbgcore.DLL
0x00007ffbcb130000 - 0x00007ffbcb1b2000 	C:\Windows\System32\bcryptPrimitives.dll
0x00007ffbb6f20000 - 0x00007ffbb6f2f000 	C:\Users\Victor\.jdks\openjdk-22.0.1\bin\instrument.dll
0x00007ffba0010000 - 0x00007ffba002e000 	C:\Users\Victor\.jdks\openjdk-22.0.1\bin\java.dll
0x00007ffbcb9e0000 - 0x00007ffbcc14b000 	C:\Windows\System32\SHELL32.dll
0x00007ffbcb790000 - 0x00007ffbcb8bb000 	C:\Windows\System32\ole32.dll
0x00007ffbcc9a0000 - 0x00007ffbcccf3000 	C:\Windows\System32\combase.dll
0x00007ffbc8980000 - 0x00007ffbc911d000 	C:\Windows\SYSTEM32\windows.storage.dll
0x00007ffbca300000 - 0x00007ffbca32e000 	C:\Windows\SYSTEM32\Wldp.dll
0x00007ffbcc170000 - 0x00007ffbcc23d000 	C:\Windows\System32\OLEAUT32.dll
0x00007ffbccd60000 - 0x00007ffbcce0d000 	C:\Windows\System32\SHCORE.dll
0x00007ffbcc3e0000 - 0x00007ffbcc435000 	C:\Windows\System32\shlwapi.dll
0x00007ffbca810000 - 0x00007ffbca834000 	C:\Windows\SYSTEM32\profapi.dll
0x00007ffb5f1e0000 - 0x00007ffb5f2b7000 	C:\Users\Victor\.jdks\openjdk-22.0.1\bin\jsvml.dll
0x00007ffb9ac30000 - 0x00007ffb9ac47000 	C:\Users\Victor\.jdks\openjdk-22.0.1\bin\zip.dll
0x00007ffbb6bc0000 - 0x00007ffbb6bd0000 	C:\Users\Victor\.jdks\openjdk-22.0.1\bin\net.dll
0x00007ffbca060000 - 0x00007ffbca0ca000 	C:\Windows\system32\mswsock.dll
0x00007ffb9d8b0000 - 0x00007ffb9d8c6000 	C:\Users\Victor\.jdks\openjdk-22.0.1\bin\nio.dll
0x00007ffb97d20000 - 0x00007ffb97d3a000 	C:\Program Files\JetBrains\IntelliJ IDEA 2022.3.2\bin\breakgen64.dll
0x00007ffbb5da0000 - 0x00007ffbb5da9000 	C:\Users\Victor\.jdks\openjdk-22.0.1\bin\extnet.dll
0x00007ffbca260000 - 0x00007ffbca278000 	C:\Windows\SYSTEM32\CRYPTSP.dll
0x00007ffbc9910000 - 0x00007ffbc9944000 	C:\Windows\system32\rsaenh.dll
0x00007ffbca780000 - 0x00007ffbca7ae000 	C:\Windows\SYSTEM32\USERENV.dll
0x00007ffbca250000 - 0x00007ffbca25c000 	C:\Windows\SYSTEM32\CRYPTBASE.dll
0x00007ffbc9cf0000 - 0x00007ffbc9d2b000 	C:\Windows\SYSTEM32\IPHLPAPI.DLL
0x00007ffbcc240000 - 0x00007ffbcc248000 	C:\Windows\System32\NSI.dll
0x00007ffb37c50000 - 0x00007ffb394dc000 	C:\Users\Victor\AppData\Local\Temp\ortools-java472969079600844457\ortools-win32-x86-64\jniortools.dll
0x00007ffbcb930000 - 0x00007ffbcb9d9000 	C:\Windows\System32\clbcatq.dll

dbghelp: loaded successfully - version: 4.0.5 - missing functions: none
symbol engine: initialized successfully - sym options: 0x614 - pdb path: .;C:\Users\Victor\.jdks\openjdk-22.0.1\bin;C:\Windows\SYSTEM32;C:\Windows\WinSxS\amd64_microsoft.windows.common-controls_6595b64144ccf1df_6.0.19041.4355_none_60b8b9eb71f62e16;C:\Users\Victor\.jdks\openjdk-22.0.1\bin\server;C:\Program Files\JetBrains\IntelliJ IDEA 2022.3.2\bin;C:\Users\Victor\AppData\Local\Temp\ortools-java472969079600844457\ortools-win32-x86-64

VM Arguments:
jvm_args: -javaagent:C:\Program Files\JetBrains\IntelliJ IDEA 2022.3.2\lib\idea_rt.jar=61176:C:\Program Files\JetBrains\IntelliJ IDEA 2022.3.2\bin -Dfile.encoding=UTF-8 -Dsun.stdout.encoding=UTF-8 -Dsun.stderr.encoding=UTF-8 
java_command: org.example.Main
java_class_path (initial): C:\Java\EmployeeScheduling\target\classes;C:\Users\Victor\.m2\repository\com\google\ortools\ortools-java\9.10.4067\ortools-java-9.10.4067.jar;C:\Users\Victor\.m2\repository\com\google\ortools\ortools-linux-x86-64\9.10.4067\ortools-linux-x86-64-9.10.4067.jar;C:\Users\Victor\.m2\repository\com\google\ortools\ortools-darwin-x86-64\9.10.4067\ortools-darwin-x86-64-9.10.4067.jar;C:\Users\Victor\.m2\repository\com\google\ortools\ortools-win32-x86-64\9.10.4067\ortools-win32-x86-64-9.10.4067.jar;C:\Users\Victor\.m2\repository\com\google\ortools\ortools-linux-aarch64\9.10.4067\ortools-linux-aarch64-9.10.4067.jar;C:\Users\Victor\.m2\repository\com\google\ortools\ortools-darwin-aarch64\9.10.4067\ortools-darwin-aarch64-9.10.4067.jar;C:\Users\Victor\.m2\repository\net\java\dev\jna\jna-platform\5.14.0\jna-platform-5.14.0.jar;C:\Users\Victor\.m2\repository\net\java\dev\jna\jna\5.14.0\jna-5.14.0.jar;C:\Users\Victor\.m2\repository\com\google\protobuf\protobuf-java\4.26.1\protobuf-java-4.26.1.jar
Launcher Type: SUN_STANDARD

[Global flags]
     intx CICompilerCount                          = 4                                         {product} {ergonomic}
     uint ConcGCThreads                            = 3                                         {product} {ergonomic}
     uint G1ConcRefinementThreads                  = 10                                        {product} {ergonomic}
   size_t G1HeapRegionSize                         = 2097152                                   {product} {ergonomic}
   size_t InitialHeapSize                          = 268435456                                 {product} {ergonomic}
   size_t MarkStackSize                            = 4194304                                   {product} {ergonomic}
   size_t MaxHeapSize                              = 4282384384                                {product} {ergonomic}
   size_t MaxNewSize                               = 2569011200                                {product} {ergonomic}
   size_t MinHeapDeltaBytes                        = 2097152                                   {product} {ergonomic}
   size_t MinHeapSize                              = 8388608                                   {product} {ergonomic}
    uintx NonNMethodCodeHeapSize                   = 5839372                                {pd product} {ergonomic}
    uintx NonProfiledCodeHeapSize                  = 122909434                              {pd product} {ergonomic}
    uintx ProfiledCodeHeapSize                     = 122909434                              {pd product} {ergonomic}
    uintx ReservedCodeCacheSize                    = 251658240                              {pd product} {ergonomic}
     bool SegmentedCodeCache                       = true                                      {product} {ergonomic}
   size_t SoftMaxHeapSize                          = 4282384384                             {manageable} {ergonomic}
     bool UseCompressedOops                        = true                           {product lp64_product} {ergonomic}
     bool UseG1GC                                  = true                                      {product} {ergonomic}
     bool UseLargePagesIndividualAllocation        = false                                  {pd product} {ergonomic}

Logging:
Log output configuration:
 #0: stdout all=warning uptime,level,tags foldmultilines=false
 #1: stderr all=off uptime,level,tags foldmultilines=false

Environment Variables:
JAVA_HOME=C:\Program Files\Java\jdk-17.0.4.1
PATH=C:\Python312\Scripts\;C:\Python312\;C:\ProgramData\chocolatey\bin;C:\Users\Victor\AppData\Local\Android\Sdk\platform-tools;C:\Program Files (x86)\Common Files\Oracle\Java\javapath;C:\Program Files\Java\jdk-17.0.4.1\bin;C:\oraclexe\app\oracle\product\11.2.0\server\bin;C:\Windows\system32;C:\Windows;C:\Windows\System32\Wbem;C:\Windows\System32\WindowsPowerShell\v1.0\;C:\Windows\System32\OpenSSH\;C:\Program Files\Git\cmd;C:\Program Files\Microsoft SQL Server\150\Tools\Binn\;C:\Program Files\Microsoft SQL Server\Client SDK\ODBC\170\Tools\Binn\;C:\Program Files\MongoDB\Server\6.0\bin;C:\Program Files\nodejs\;C:\Users\Victor\.gradle\wrapper\dists\gradle-8.2-bin\bbg7u40eoinfdyxsxr3z4i7ta\gradle-8.2\bin;C:\Program Files\dotnet\;C:\Maven\apache-maven-3.9.7\bin;C:\Users\Victor\AppData\Local\Microsoft\WindowsApps;C:\Users\Victor\AppData\Local\Programs\Microsoft VS Code\bin;C:\Users\Victor\.bun\bin;C:\Users\Victor\AppData\Roaming\npm;C:\Users\Victor\.dotnet\tools
USERNAME=Victor
OS=Windows_NT
PROCESSOR_IDENTIFIER=AMD64 Family 23 Model 8 Stepping 2, AuthenticAMD
TMP=C:\Users\Victor\AppData\Local\Temp
TEMP=C:\Users\Victor\AppData\Local\Temp




Periodic native trim disabled

---------------  S Y S T E M  ---------------

OS:
 Windows 10 , 64 bit Build 19041 (10.0.19041.3636)
OS uptime: 0 days 20:06 hours

CPU: total 12 (initial active 12) (12 cores per cpu, 2 threads per core) family 23 model 8 stepping 2 microcode 0x0, cx8, cmov, fxsr, ht, mmx, 3dnowpref, sse, sse2, sse3, ssse3, sse4a, sse4.1, sse4.2, popcnt, lzcnt, tsc, tscinvbit, avx, avx2, aes, clmul, bmi1, bmi2, adx, sha, fma, vzeroupper, clflush, clflushopt, rdtscp, f16c
Processor Information for all 12 processors :
  Max Mhz: 3400, Current Mhz: 3400, Mhz Limit: 3400

Memory: 4k page, system-wide physical 16335M (7436M free)
TotalPageFile size 18767M (AvailPageFile size 5990M)
current process WorkingSet (physical memory assigned to process): 60M, peak: 60M
current process commit charge ("private bytes"): 355M, peak: 355M

vm_info: OpenJDK 64-Bit Server VM (22.0.1+8-16) for windows-amd64 JRE (22.0.1+8-16), built on 2024-03-12T10:33:16Z by "mach5one" with MS VC++ 17.6 (VS2022)

END.
